<?xml version="1.0" encoding="UTF-8"?>
<testsuite name="Testing" tests="10" skipped="0" failures="0" errors="0" timestamp="2024-06-06T16:49:55" hostname="DESKTOP-JQ19IVG" time="0.006">
  <properties/>
  <testcase name="viewSpecificMovieNotAdded" classname="Testing" time="0.001"/>
  <testcase name="addMovie" classname="Testing" time="0.0"/>
  <testcase name="rateMovie" classname="Testing" time="0.0"/>
  <testcase name="echoCorrect" classname="Testing" time="0.0"/>
  <testcase name="typeWrong" classname="Testing" time="0.002"/>
  <testcase name="viewAllRatings" classname="Testing" time="0.0"/>
  <testcase name="rateMovieAlreadyRated" classname="Testing" time="0.0"/>
  <testcase name="echoErrors" classname="Testing" time="0.0"/>
  <testcase name="addMovieAlreadyExists" classname="Testing" time="0.001"/>
  <testcase name="viewSpecificMovieRating" classname="Testing" time="0.0"/>
  <system-out><![CDATA[Echo request: {"data":"whooooo","type":"echo"}
Echo request: {"data1":"whooooo","type":"echo"}
Echo request: {"data":33,"type":"echo"}
Echo request: {"data":true,"type":"echo"}
]]></system-out>
  <system-err><![CDATA[]]></system-err>
</testsuite>
